<?xml version="1.0" encoding="UTF-8"?>
<!-- Generated by org.testng.reporters.JUnitXMLReporter -->
<testsuite hostname="DESKTOP-662NI4B" ignored="0" name="Default test" tests="3" failures="0" timestamp="28 Mar 2023 06:18:59 GMT" time="33.004" errors="0">
  <testcase name="facebook" time="14.672" classname="org.one.Dataprovider_class"/>
  <testcase name="facebook" time="6.122" classname="org.one.Dataprovider_class"/>
  <testcase name="facebook" time="12.16" classname="org.one.Dataprovider_class"/>
</testsuite> <!-- Default test -->
