<?xml version="1.0" encoding="UTF-8"?>
<testng-results skipped="0" failed="0" ignored="0" total="2" passed="2">
  <reporter-output>
  </reporter-output>
  <suite name="Default suite" duration-ms="29712" started-at="2023-05-14T09:31:46Z" finished-at="2023-05-14T09:32:16Z">
    <groups>
    </groups>
    <test name="Default test" duration-ms="29712" started-at="2023-05-14T09:31:46Z" finished-at="2023-05-14T09:32:16Z">
      <class name="org.one.CrossbrowserTesting">
        <test-method status="PASS" signature="amazon()[pri:0, instance:org.one.CrossbrowserTesting@548a9f61]" name="amazon" duration-ms="11962" started-at="2023-05-14T15:01:46Z" finished-at="2023-05-14T15:01:58Z">
          <reporter-output>
          </reporter-output>
        </test-method> <!-- amazon -->
        <test-method status="PASS" signature="facebook()[pri:0, instance:org.one.CrossbrowserTesting@548a9f61]" name="facebook" duration-ms="17701" started-at="2023-05-14T15:01:58Z" finished-at="2023-05-14T15:02:16Z">
          <reporter-output>
          </reporter-output>
        </test-method> <!-- facebook -->
      </class> <!-- org.one.CrossbrowserTesting -->
    </test> <!-- Default test -->
  </suite> <!-- Default suite -->
</testng-results>
