<?xml version="1.0" encoding="UTF-8"?>
<testng-results skipped="0" failed="0" ignored="0" total="3" passed="3">
  <reporter-output>
  </reporter-output>
  <suite name="Default suite" duration-ms="33004" started-at="2023-03-28T06:18:26Z" finished-at="2023-03-28T06:18:59Z">
    <groups>
    </groups>
    <test name="Default test" duration-ms="33004" started-at="2023-03-28T06:18:26Z" finished-at="2023-03-28T06:18:59Z">
      <class name="org.one.Dataprovider_class">
        <test-method status="PASS" signature="facebook(java.lang.String, java.lang.String)[pri:0, instance:org.one.Dataprovider_class@548a9f61]" name="facebook" duration-ms="14672" started-at="2023-03-28T11:48:26Z" data-provider="login" finished-at="2023-03-28T11:48:40Z">
          <params>
            <param index="0">
              <value>
                <![CDATA[prabhu]]>
              </value>
            </param>
            <param index="1">
              <value>
                <![CDATA[prem1817]]>
              </value>
            </param>
          </params>
          <reporter-output>
          </reporter-output>
        </test-method> <!-- facebook -->
        <test-method status="PASS" signature="facebook(java.lang.String, java.lang.String)[pri:0, instance:org.one.Dataprovider_class@548a9f61]" name="facebook" duration-ms="6122" started-at="2023-03-28T11:48:40Z" data-provider="login" finished-at="2023-03-28T11:48:47Z">
          <params>
            <param index="0">
              <value>
                <![CDATA[prem]]>
              </value>
            </param>
            <param index="1">
              <value>
                <![CDATA[pervesh]]>
              </value>
            </param>
          </params>
          <reporter-output>
          </reporter-output>
        </test-method> <!-- facebook -->
        <test-method status="PASS" signature="facebook(java.lang.String, java.lang.String)[pri:0, instance:org.one.Dataprovider_class@548a9f61]" name="facebook" duration-ms="12160" started-at="2023-03-28T11:48:47Z" data-provider="login" finished-at="2023-03-28T11:48:59Z">
          <params>
            <param index="0">
              <value>
                <![CDATA[rajaraman]]>
              </value>
            </param>
            <param index="1">
              <value>
                <![CDATA[kasthuri]]>
              </value>
            </param>
          </params>
          <reporter-output>
          </reporter-output>
        </test-method> <!-- facebook -->
      </class> <!-- org.one.Dataprovider_class -->
    </test> <!-- Default test -->
  </suite> <!-- Default suite -->
</testng-results>
